<?xml version="1.0" encoding="UTF-8"?>
<!-- Generated by org.testng.reporters.JUnitReportReporter -->
<testsuite skipped="0" hostname="LAPTOP-ONRUMTQ2" name="VDOhire_KeywordDriven.VDOhire_KeywordDriven.TestScript" tests="1" failures="0" timestamp="08 Mar 2019 06:59:55 GMT" time="4.434" errors="0">
  <testcase name="loginTest" time="4.434" classname="VDOhire_KeywordDriven.VDOhire_KeywordDriven.TestScript"/>
</testsuite> <!-- VDOhire_KeywordDriven.VDOhire_KeywordDriven.TestScript -->
